<?xml version="1.0" encoding="UTF-8"?>
<!-- Generated by org.testng.reporters.JUnitReportReporter -->
<testsuite skipped="0" hostname="DESKTOP-9NBPLPI" name="com.automation.Amazon.MavenAmazon.verify" tests="1" failures="0" timestamp="28 Nov 2016 17:20:20 GMT" time="10.314" errors="0">
  <testcase name="check" time="10.314" classname="com.automation.Amazon.MavenAmazon.verify"/>
</testsuite> <!-- com.automation.Amazon.MavenAmazon.verify -->
